<?xml version="1.0" encoding="UTF-8"?>
<!-- Generated by org.testng.reporters.JUnitReportReporter -->
<testsuite hostname="DESKTOP-3FO53C9" failures="0" tests="2" name="com.qdPM.TestCases.LoginPageTest" time="40.247" errors="0" timestamp="2022-12-20T00:53:36 IST" skipped="0">
  <testcase classname="com.qdPM.TestCases.LoginPageTest" name="administatorLoginTest2" time="20.314"/>
  <system-out/>
  <testcase classname="com.qdPM.TestCases.LoginPageTest" name="administatorLoginTest" time="19.933"/>
  <system-out/>
</testsuite> <!-- com.qdPM.TestCases.LoginPageTest -->
